<?xml version="1.0" encoding="UTF-8"?>
<testsuite xmlns:xsi="http://www.w3.org/2001/XMLSchema-instance" xsi:noNamespaceSchemaLocation="https://maven.apache.org/surefire/maven-surefire-plugin/xsd/surefire-test-report.xsd" name="ru.netology.stats.StatsServiceTest" time="0.109" tests="6" errors="0" skipped="0" failures="0">
  <properties>
[...]
</properties>
  <testcase name="shouldCalculateAverageSales" classname="ru.netology.stats.StatsServiceTest" time="0.078"/>
  <testcase name="shouldFindAmountMonthesWitnSalesBellowAverageSales" classname="ru.netology.stats.StatsServiceTest" time="0"/>
  <testcase name="shouldCalculateSum" classname="ru.netology.stats.StatsServiceTest" time="0.016"/>
  <testcase name="shouldFindMonthMinSales" classname="ru.netology.stats.StatsServiceTest" time="0"/>
  <testcase name="shouldFindAmountMonthesWitnSalesUpperAverageSales" classname="ru.netology.stats.StatsServiceTest" time="0"/>
  <testcase name="shouldFindMonthMaxSales" classname="ru.netology.stats.StatsServiceTest" time="0"/>
</testsuite>